{
  "stats": {
    "suites": 2,
    "tests": 7,
    "passes": 7,
    "pending": 0,
    "failures": 0,
    "start": "2022-07-26T12:44:39.861Z",
    "end": "2022-07-26T12:44:40.685Z",
    "duration": 824,
    "testsRegistered": 7,
    "passPercent": 100,
    "pendingPercent": 0,
    "other": 0,
    "hasOther": false,
    "skipped": 0,
    "hasSkipped": false
  },
  "results": [
    {
      "uuid": "d024423e-1687-45fb-8b8d-827ff919b82f",
      "title": "",
      "fullFile": "cypress/integration/2.usuarios.spec.js",
      "file": "cypress/integration/2.usuarios.spec.js",
      "beforeHooks": [],
      "afterHooks": [],
      "tests": [],
      "suites": [
        {
          "uuid": "5cd6e4e2-a473-4e4c-9655-c3dfc59f9093",
          "title": "Casos de teste sobre a rota /usuarios da API Serverest",
          "fullFile": "",
          "file": "",
          "beforeHooks": [],
          "afterHooks": [],
          "tests": [
            {
              "title": "CTFP02 - Deve buscar todos os usuarios cadastrados na Serverest",
              "fullTitle": "Casos de teste sobre a rota /usuarios da API Serverest CTFP02 - Deve buscar todos os usuarios cadastrados na Serverest",
              "timedOut": null,
              "duration": 301,
              "state": "passed",
              "speed": "fast",
              "pass": true,
              "fail": false,
              "pending": false,
              "context": null,
              "code": "_serverest.default.buscarUsuarios().then(res => {\n  cy.contractValidation(res, 'get-usuarios', 200);\n  _validaServerest.default.validarBuscaDeUsuarios(res);\n});",
              "err": {},
              "uuid": "a6e7604b-d709-4359-b01f-60730d3f41eb",
              "parentUUID": "5cd6e4e2-a473-4e4c-9655-c3dfc59f9093",
              "isHook": false,
              "skipped": false
            },
            {
              "title": "CTFP03 - Deve cadastrar um novo usuário com sucesso",
              "fullTitle": "Casos de teste sobre a rota /usuarios da API Serverest CTFP03 - Deve cadastrar um novo usuário com sucesso",
              "timedOut": null,
              "duration": 59,
              "state": "passed",
              "speed": "fast",
              "pass": true,
              "fail": false,
              "pending": false,
              "context": null,
              "code": "_serverest.default.criarUsuarioComSucesso().then(res => {\n  cy.contractValidation(res, 'post-usuarios', 201);\n  expect(res.body.message).to.be.eq('Cadastro realizado com sucesso');\n  _serverest.default.salvarIdUsuario(res);\n});",
              "err": {},
              "uuid": "9995bade-22e4-4a8f-bc92-de4ed8ca7d12",
              "parentUUID": "5cd6e4e2-a473-4e4c-9655-c3dfc59f9093",
              "isHook": false,
              "skipped": false
            },
            {
              "title": "CTFP04 - Deve buscar um usuário com sucesso",
              "fullTitle": "Casos de teste sobre a rota /usuarios da API Serverest CTFP04 - Deve buscar um usuário com sucesso",
              "timedOut": null,
              "duration": 42,
              "state": "passed",
              "speed": "fast",
              "pass": true,
              "fail": false,
              "pending": false,
              "context": null,
              "code": "_serverest.default.buscarUsuarioComSucesso().then(res => {\n  cy.contractValidation(res, 'get-usuarios-by-id', 200);\n  expect(res.body._id).to.be.eq(`${Cypress.env(\"idUser\")}`);\n});",
              "err": {},
              "uuid": "4110ad26-514f-49c6-9132-0234d3ef3004",
              "parentUUID": "5cd6e4e2-a473-4e4c-9655-c3dfc59f9093",
              "isHook": false,
              "skipped": false
            },
            {
              "title": "CTFP05 - Deletar usuário",
              "fullTitle": "Casos de teste sobre a rota /usuarios da API Serverest CTFP05 - Deletar usuário",
              "timedOut": null,
              "duration": 50,
              "state": "passed",
              "speed": "fast",
              "pass": true,
              "fail": false,
              "pending": false,
              "context": null,
              "code": "_serverest.default.deletarUsuarioComSucesso().then(res => {\n  cy.contractValidation(res, 'delete-usuarios-by-id', 200);\n});",
              "err": {},
              "uuid": "a42055ad-f97d-467f-9b82-6e8fe624d4b5",
              "parentUUID": "5cd6e4e2-a473-4e4c-9655-c3dfc59f9093",
              "isHook": false,
              "skipped": false
            },
            {
              "title": "CTFP06 - Deve editar um usuário existente",
              "fullTitle": "Casos de teste sobre a rota /usuarios da API Serverest CTFP06 - Deve editar um usuário existente",
              "timedOut": null,
              "duration": 41,
              "state": "passed",
              "speed": "fast",
              "pass": true,
              "fail": false,
              "pending": false,
              "context": null,
              "code": "_serverest.default.editarUsuario().then(res => {\n  cy.contractValidation(res, 'put-usuarios-by-id', 200);\n  expect(res.body.message).to.be.eq('Registro alterado com sucesso');\n  _serverest.default.salvarIdUsuario(res);\n});",
              "err": {},
              "uuid": "0231b650-c7e5-40b7-9cff-de7a8151942e",
              "parentUUID": "5cd6e4e2-a473-4e4c-9655-c3dfc59f9093",
              "isHook": false,
              "skipped": false
            }
          ],
          "suites": [
            {
              "uuid": "5be9132e-d308-4285-a54f-384b98ec9a6a",
              "title": "Logar com sucesso",
              "fullFile": "",
              "file": "",
              "beforeHooks": [],
              "afterHooks": [],
              "tests": [
                {
                  "title": "CTFP17 - Deve buscar e salvar em um arquivo json",
                  "fullTitle": "Casos de teste sobre a rota /usuarios da API Serverest Logar com sucesso CTFP17 - Deve buscar e salvar em um arquivo json",
                  "timedOut": null,
                  "duration": 161,
                  "state": "passed",
                  "speed": "fast",
                  "pass": true,
                  "fail": false,
                  "pending": false,
                  "context": null,
                  "code": "let inteiro = _factory.default.gerarInteiroAleatorio();\n_serverest.default.buscarUsuarios().then(res => {\n  cy.writeFile('./cypress/fixtures/usuario.json', res.body.usuarios[inteiro]);\n  _validaServerest.default.validarBuscaDeUsuarios(res);\n});",
                  "err": {},
                  "uuid": "d86c4d45-2f01-4317-8c42-d385d9f6b2a8",
                  "parentUUID": "5be9132e-d308-4285-a54f-384b98ec9a6a",
                  "isHook": false,
                  "skipped": false
                },
                {
                  "title": "CTFP18 - Deve buscar um usuário de um arquivo json",
                  "fullTitle": "Casos de teste sobre a rota /usuarios da API Serverest Logar com sucesso CTFP18 - Deve buscar um usuário de um arquivo json",
                  "timedOut": null,
                  "duration": 91,
                  "state": "passed",
                  "speed": "fast",
                  "pass": true,
                  "fail": false,
                  "pending": false,
                  "context": null,
                  "code": "cy.fixture('usuario.json').then(json => {\n  let usuario = {\n    email: json.email,\n    password: json.password\n  };\n  _serverest.default.logar(usuario).then(res => {\n    cy.contractValidation(res, 'post-login', 200);\n    _validaServerest.default.validarLoginComSucesso(res);\n    _serverest.default.salvarBearer(res);\n  });\n});",
                  "err": {},
                  "uuid": "421c6161-8841-4be5-96ff-32411619d5e9",
                  "parentUUID": "5be9132e-d308-4285-a54f-384b98ec9a6a",
                  "isHook": false,
                  "skipped": false
                }
              ],
              "suites": [],
              "passes": [
                "d86c4d45-2f01-4317-8c42-d385d9f6b2a8",
                "421c6161-8841-4be5-96ff-32411619d5e9"
              ],
              "failures": [],
              "pending": [],
              "skipped": [],
              "duration": 252,
              "root": false,
              "rootEmpty": false,
              "_timeout": 2000
            }
          ],
          "passes": [
            "a6e7604b-d709-4359-b01f-60730d3f41eb",
            "9995bade-22e4-4a8f-bc92-de4ed8ca7d12",
            "4110ad26-514f-49c6-9132-0234d3ef3004",
            "a42055ad-f97d-467f-9b82-6e8fe624d4b5",
            "0231b650-c7e5-40b7-9cff-de7a8151942e"
          ],
          "failures": [],
          "pending": [],
          "skipped": [],
          "duration": 493,
          "root": false,
          "rootEmpty": false,
          "_timeout": 2000
        }
      ],
      "passes": [],
      "failures": [],
      "pending": [],
      "skipped": [],
      "duration": 0,
      "root": true,
      "rootEmpty": true,
      "_timeout": 2000
    }
  ],
  "meta": {
    "mocha": {
      "version": "7.0.1"
    },
    "mochawesome": {
      "options": {
        "quiet": false,
        "reportFilename": "mochawesome",
        "saveHtml": false,
        "saveJson": true,
        "consoleReporter": "spec",
        "useInlineDiffs": false,
        "code": true
      },
      "version": "7.1.3"
    },
    "marge": {
      "options": {
        "id": "default",
        "reportDir": "cypress/reports/mocha",
        "quite": true,
        "overwrite": false,
        "html": false,
        "json": true
      },
      "version": "6.2.0"
    }
  }
}