{
  "stats": {
    "suites": 2,
    "tests": 6,
    "passes": 6,
    "pending": 0,
    "failures": 0,
    "start": "2022-07-26T12:44:53.805Z",
    "end": "2022-07-26T12:44:54.515Z",
    "duration": 710,
    "testsRegistered": 6,
    "passPercent": 100,
    "pendingPercent": 0,
    "other": 0,
    "hasOther": false,
    "skipped": 0,
    "hasSkipped": false
  },
  "results": [
    {
      "uuid": "95a91ef8-a013-4e73-8a1f-c12a896a79d1",
      "title": "",
      "fullFile": "cypress/integration/4.carrinhos.spec.js",
      "file": "cypress/integration/4.carrinhos.spec.js",
      "beforeHooks": [],
      "afterHooks": [],
      "tests": [],
      "suites": [
        {
          "uuid": "5b7243e4-a353-4efe-94b3-0108b0f6ea02",
          "title": "Casos de teste sobre a rota /carrinhos da API Serverest",
          "fullFile": "",
          "file": "",
          "beforeHooks": [],
          "afterHooks": [],
          "tests": [
            {
              "title": "CTFP12 - Deve buscar todos os carrinhos cadastrados",
              "fullTitle": "Casos de teste sobre a rota /carrinhos da API Serverest CTFP12 - Deve buscar todos os carrinhos cadastrados",
              "timedOut": null,
              "duration": 88,
              "state": "passed",
              "speed": "fast",
              "pass": true,
              "fail": false,
              "pending": false,
              "context": null,
              "code": "_serverest.default.buscarCarrinhos().then(res => {\n  _validaServerest.default.validarBuscaDeCarrinhos(res);\n});",
              "err": {},
              "uuid": "e491ebef-6cd0-4ad3-94d8-475a1be4880c",
              "parentUUID": "5b7243e4-a353-4efe-94b3-0108b0f6ea02",
              "isHook": false,
              "skipped": false
            }
          ],
          "suites": [
            {
              "uuid": "c66d7922-4f7d-49d2-8934-e733c95dcdf4",
              "title": "Logar com sucesso",
              "fullFile": "",
              "file": "",
              "beforeHooks": [],
              "afterHooks": [],
              "tests": [
                {
                  "title": "Deve excluir carrinho se existir",
                  "fullTitle": "Casos de teste sobre a rota /carrinhos da API Serverest Logar com sucesso Deve excluir carrinho se existir",
                  "timedOut": null,
                  "duration": 177,
                  "state": "passed",
                  "speed": "fast",
                  "pass": true,
                  "fail": false,
                  "pending": false,
                  "context": null,
                  "code": "_serverest.default.cancelarCompra().then(res => {\n  cy.contractValidation(res, 'delete-carrinhos', 200);\n});",
                  "err": {},
                  "uuid": "827840d1-ac44-4b42-9763-1cd9b35d6a34",
                  "parentUUID": "c66d7922-4f7d-49d2-8934-e733c95dcdf4",
                  "isHook": false,
                  "skipped": false
                },
                {
                  "title": "CTFP13 - Deve postar um novo carrinho com sucesso",
                  "fullTitle": "Casos de teste sobre a rota /carrinhos da API Serverest Logar com sucesso CTFP13 - Deve postar um novo carrinho com sucesso",
                  "timedOut": null,
                  "duration": 91,
                  "state": "passed",
                  "speed": "fast",
                  "pass": true,
                  "fail": false,
                  "pending": false,
                  "context": null,
                  "code": "_serverest.default.cadastrarCarrinhoComSucesso().then(res => {\n  cy.contractValidation(res, 'post-carrinhos', 201);\n  _serverest.default.salvarIdCarrinho(res);\n});",
                  "err": {},
                  "uuid": "431fad49-6291-4fdb-97f5-c05b6b81d5c9",
                  "parentUUID": "c66d7922-4f7d-49d2-8934-e733c95dcdf4",
                  "isHook": false,
                  "skipped": false
                },
                {
                  "title": "CTFP14 - Deve buscar carrinho pelo ID",
                  "fullTitle": "Casos de teste sobre a rota /carrinhos da API Serverest Logar com sucesso CTFP14 - Deve buscar carrinho pelo ID",
                  "timedOut": null,
                  "duration": 66,
                  "state": "passed",
                  "speed": "fast",
                  "pass": true,
                  "fail": false,
                  "pending": false,
                  "context": null,
                  "code": "_serverest.default.localizarCarrinhoComSucesso().then(res => {\n  expect(res.status).to.be.eq(200);\n});",
                  "err": {},
                  "uuid": "a1ea87b3-8c64-4be6-9a9b-859c14018ce9",
                  "parentUUID": "c66d7922-4f7d-49d2-8934-e733c95dcdf4",
                  "isHook": false,
                  "skipped": false
                },
                {
                  "title": "CTFP15 - Deve concluir compra",
                  "fullTitle": "Casos de teste sobre a rota /carrinhos da API Serverest Logar com sucesso CTFP15 - Deve concluir compra",
                  "timedOut": null,
                  "duration": 77,
                  "state": "passed",
                  "speed": "fast",
                  "pass": true,
                  "fail": false,
                  "pending": false,
                  "context": null,
                  "code": "_serverest.default.finalizarCompra().then(res => {\n  cy.contractValidation(res, 'delete-carrinhos', 200);\n});",
                  "err": {},
                  "uuid": "392d7502-f7d2-49e6-af62-30e4f78e0676",
                  "parentUUID": "c66d7922-4f7d-49d2-8934-e733c95dcdf4",
                  "isHook": false,
                  "skipped": false
                },
                {
                  "title": "CTFP16 - Deve cancelar a compra e retornar os produtos para o estoque",
                  "fullTitle": "Casos de teste sobre a rota /carrinhos da API Serverest Logar com sucesso CTFP16 - Deve cancelar a compra e retornar os produtos para o estoque",
                  "timedOut": null,
                  "duration": 124,
                  "state": "passed",
                  "speed": "fast",
                  "pass": true,
                  "fail": false,
                  "pending": false,
                  "context": null,
                  "code": "_serverest.default.cancelarCompra().then(res => {\n  cy.contractValidation(res, 'delete-carrinhos-cancelar', 200);\n});",
                  "err": {},
                  "uuid": "0c630dc2-ac70-45ed-ba05-51c8993715f7",
                  "parentUUID": "c66d7922-4f7d-49d2-8934-e733c95dcdf4",
                  "isHook": false,
                  "skipped": false
                }
              ],
              "suites": [],
              "passes": [
                "827840d1-ac44-4b42-9763-1cd9b35d6a34",
                "431fad49-6291-4fdb-97f5-c05b6b81d5c9",
                "a1ea87b3-8c64-4be6-9a9b-859c14018ce9",
                "392d7502-f7d2-49e6-af62-30e4f78e0676",
                "0c630dc2-ac70-45ed-ba05-51c8993715f7"
              ],
              "failures": [],
              "pending": [],
              "skipped": [],
              "duration": 535,
              "root": false,
              "rootEmpty": false,
              "_timeout": 2000
            }
          ],
          "passes": [
            "e491ebef-6cd0-4ad3-94d8-475a1be4880c"
          ],
          "failures": [],
          "pending": [],
          "skipped": [],
          "duration": 88,
          "root": false,
          "rootEmpty": false,
          "_timeout": 2000
        }
      ],
      "passes": [],
      "failures": [],
      "pending": [],
      "skipped": [],
      "duration": 0,
      "root": true,
      "rootEmpty": true,
      "_timeout": 2000
    }
  ],
  "meta": {
    "mocha": {
      "version": "7.0.1"
    },
    "mochawesome": {
      "options": {
        "quiet": false,
        "reportFilename": "mochawesome",
        "saveHtml": false,
        "saveJson": true,
        "consoleReporter": "spec",
        "useInlineDiffs": false,
        "code": true
      },
      "version": "7.1.3"
    },
    "marge": {
      "options": {
        "id": "default",
        "reportDir": "cypress/reports/mocha",
        "quite": true,
        "overwrite": false,
        "html": false,
        "json": true
      },
      "version": "6.2.0"
    }
  }
}