{
  "stats": {
    "suites": 4,
    "tests": 11,
    "passes": 11,
    "pending": 0,
    "failures": 0,
    "start": "2022-07-26T12:45:27.870Z",
    "end": "2022-07-26T12:45:28.972Z",
    "duration": 1102,
    "testsRegistered": 11,
    "passPercent": 100,
    "pendingPercent": 0,
    "other": 0,
    "hasOther": false,
    "skipped": 0,
    "hasSkipped": false
  },
  "results": [
    {
      "uuid": "3326cd85-3b86-4079-a080-8346a6173689",
      "title": "",
      "fullFile": "cypress/integration/teste.fluxo.adm.spec.js",
      "file": "cypress/integration/teste.fluxo.adm.spec.js",
      "beforeHooks": [],
      "afterHooks": [],
      "tests": [],
      "suites": [
        {
          "uuid": "a4db723c-93b8-49c6-96a5-563abb6ccf39",
          "title": "Casos de teste de fluxo para administradores da API Serverest",
          "fullFile": "",
          "file": "",
          "beforeHooks": [],
          "afterHooks": [],
          "tests": [],
          "suites": [
            {
              "uuid": "1870db69-7a50-4d27-8bed-8b29b3f6552a",
              "title": "CTFP01 - Fluxo de compra",
              "fullFile": "",
              "file": "",
              "beforeHooks": [],
              "afterHooks": [],
              "tests": [
                {
                  "title": "Deve cadastrar um novo produto",
                  "fullTitle": "Casos de teste de fluxo para administradores da API Serverest CTFP01 - Fluxo de compra Deve cadastrar um novo produto",
                  "timedOut": null,
                  "duration": 175,
                  "state": "passed",
                  "speed": "fast",
                  "pass": true,
                  "fail": false,
                  "pending": false,
                  "context": null,
                  "code": "_serverest.default.cadastrarProdutoComSucesso().then(res => {\n  cy.contractValidation(res, 'post-produtos', 201);\n  _serverest.default.salvarIdProduto(res);\n});",
                  "err": {},
                  "uuid": "32c1d8f7-74d4-4f73-90fe-1a0d208dedb9",
                  "parentUUID": "1870db69-7a50-4d27-8bed-8b29b3f6552a",
                  "isHook": false,
                  "skipped": false
                },
                {
                  "title": "Deve buscar produto",
                  "fullTitle": "Casos de teste de fluxo para administradores da API Serverest CTFP01 - Fluxo de compra Deve buscar produto",
                  "timedOut": null,
                  "duration": 73,
                  "state": "passed",
                  "speed": "fast",
                  "pass": true,
                  "fail": false,
                  "pending": false,
                  "context": null,
                  "code": "_serverest.default.localizarProdutoComSucesso().then(res => {\n  cy.contractValidation(res, 'get-produtos-by-id', 200);\n});",
                  "err": {},
                  "uuid": "d658db9a-5d11-4bed-b27b-50d5bda68a84",
                  "parentUUID": "1870db69-7a50-4d27-8bed-8b29b3f6552a",
                  "isHook": false,
                  "skipped": false
                },
                {
                  "title": "Deve excluir carrinho se existir",
                  "fullTitle": "Casos de teste de fluxo para administradores da API Serverest CTFP01 - Fluxo de compra Deve excluir carrinho se existir",
                  "timedOut": null,
                  "duration": 116,
                  "state": "passed",
                  "speed": "fast",
                  "pass": true,
                  "fail": false,
                  "pending": false,
                  "context": null,
                  "code": "_serverest.default.cancelarCompra().then(res => {\n  cy.contractValidation(res, 'delete-carrinhos', 200);\n});",
                  "err": {},
                  "uuid": "e1524a2e-0a87-440c-b4d0-2b42fc02d8f8",
                  "parentUUID": "1870db69-7a50-4d27-8bed-8b29b3f6552a",
                  "isHook": false,
                  "skipped": false
                },
                {
                  "title": "Deve cadastrar novo carrinho",
                  "fullTitle": "Casos de teste de fluxo para administradores da API Serverest CTFP01 - Fluxo de compra Deve cadastrar novo carrinho",
                  "timedOut": null,
                  "duration": 110,
                  "state": "passed",
                  "speed": "fast",
                  "pass": true,
                  "fail": false,
                  "pending": false,
                  "context": null,
                  "code": "_serverest.default.cadastrarCarrinhoComSucesso().then(res => {\n  cy.contractValidation(res, 'post-carrinhos', 201);\n  _serverest.default.salvarIdCarrinho(res);\n});",
                  "err": {},
                  "uuid": "1c87c08f-8022-4fab-b4d0-bb5c9e4cf195",
                  "parentUUID": "1870db69-7a50-4d27-8bed-8b29b3f6552a",
                  "isHook": false,
                  "skipped": false
                },
                {
                  "title": "Deve concluir compra",
                  "fullTitle": "Casos de teste de fluxo para administradores da API Serverest CTFP01 - Fluxo de compra Deve concluir compra",
                  "timedOut": null,
                  "duration": 91,
                  "state": "passed",
                  "speed": "fast",
                  "pass": true,
                  "fail": false,
                  "pending": false,
                  "context": null,
                  "code": "_serverest.default.finalizarCompra().then(res => {\n  cy.contractValidation(res, 'delete-carrinhos', 200);\n});",
                  "err": {},
                  "uuid": "28b03d49-4ad9-4ca7-9c28-47dc2291e2c3",
                  "parentUUID": "1870db69-7a50-4d27-8bed-8b29b3f6552a",
                  "isHook": false,
                  "skipped": false
                }
              ],
              "suites": [],
              "passes": [
                "32c1d8f7-74d4-4f73-90fe-1a0d208dedb9",
                "d658db9a-5d11-4bed-b27b-50d5bda68a84",
                "e1524a2e-0a87-440c-b4d0-2b42fc02d8f8",
                "1c87c08f-8022-4fab-b4d0-bb5c9e4cf195",
                "28b03d49-4ad9-4ca7-9c28-47dc2291e2c3"
              ],
              "failures": [],
              "pending": [],
              "skipped": [],
              "duration": 565,
              "root": false,
              "rootEmpty": false,
              "_timeout": 2000
            },
            {
              "uuid": "c5a4da95-c274-405f-8eeb-33365e0723f7",
              "title": "CTFP02 - Fluxo de edição de produto",
              "fullFile": "",
              "file": "",
              "beforeHooks": [],
              "afterHooks": [],
              "tests": [
                {
                  "title": "Deve cadastrar um novo produto",
                  "fullTitle": "Casos de teste de fluxo para administradores da API Serverest CTFP02 - Fluxo de edição de produto Deve cadastrar um novo produto",
                  "timedOut": null,
                  "duration": 77,
                  "state": "passed",
                  "speed": "fast",
                  "pass": true,
                  "fail": false,
                  "pending": false,
                  "context": null,
                  "code": "_serverest.default.cadastrarProdutoComSucesso().then(res => {\n  cy.contractValidation(res, 'post-produtos', 201);\n  _serverest.default.salvarIdProduto(res);\n});",
                  "err": {},
                  "uuid": "77a93fbb-67a6-4caf-8781-3ce28cc38ad8",
                  "parentUUID": "c5a4da95-c274-405f-8eeb-33365e0723f7",
                  "isHook": false,
                  "skipped": false
                },
                {
                  "title": "Deve buscar produto",
                  "fullTitle": "Casos de teste de fluxo para administradores da API Serverest CTFP02 - Fluxo de edição de produto Deve buscar produto",
                  "timedOut": null,
                  "duration": 69,
                  "state": "passed",
                  "speed": "fast",
                  "pass": true,
                  "fail": false,
                  "pending": false,
                  "context": null,
                  "code": "_serverest.default.localizarProdutoComSucesso().then(res => {\n  cy.contractValidation(res, 'get-produtos-by-id', 200);\n});",
                  "err": {},
                  "uuid": "39ccc5df-664e-45d3-95f9-8bda92109dce",
                  "parentUUID": "c5a4da95-c274-405f-8eeb-33365e0723f7",
                  "isHook": false,
                  "skipped": false
                },
                {
                  "title": "Deve editar o produto",
                  "fullTitle": "Casos de teste de fluxo para administradores da API Serverest CTFP02 - Fluxo de edição de produto Deve editar o produto",
                  "timedOut": null,
                  "duration": 73,
                  "state": "passed",
                  "speed": "fast",
                  "pass": true,
                  "fail": false,
                  "pending": false,
                  "context": null,
                  "code": "_serverest.default.editarProduto().then(res => {\n  cy.contractValidation(res, 'put-produtos-by-id', 200);\n  expect(res.body.message).to.be.eq('Registro alterado com sucesso');\n  _serverest.default.salvarIdProduto(res);\n});",
                  "err": {},
                  "uuid": "534b1226-ebb0-4d5e-b492-761945a182a3",
                  "parentUUID": "c5a4da95-c274-405f-8eeb-33365e0723f7",
                  "isHook": false,
                  "skipped": false
                }
              ],
              "suites": [],
              "passes": [
                "77a93fbb-67a6-4caf-8781-3ce28cc38ad8",
                "39ccc5df-664e-45d3-95f9-8bda92109dce",
                "534b1226-ebb0-4d5e-b492-761945a182a3"
              ],
              "failures": [],
              "pending": [],
              "skipped": [],
              "duration": 219,
              "root": false,
              "rootEmpty": false,
              "_timeout": 2000
            },
            {
              "uuid": "2ad77509-ecc8-4a1a-9a91-3d2b88c2da04",
              "title": "CTFP03 - Fluxo de exclusão de produto",
              "fullFile": "",
              "file": "",
              "beforeHooks": [],
              "afterHooks": [],
              "tests": [
                {
                  "title": "Deve cadastrar um novo produto",
                  "fullTitle": "Casos de teste de fluxo para administradores da API Serverest CTFP03 - Fluxo de exclusão de produto Deve cadastrar um novo produto",
                  "timedOut": null,
                  "duration": 73,
                  "state": "passed",
                  "speed": "fast",
                  "pass": true,
                  "fail": false,
                  "pending": false,
                  "context": null,
                  "code": "_serverest.default.cadastrarProdutoComSucesso().then(res => {\n  cy.contractValidation(res, 'post-produtos', 201);\n  _serverest.default.salvarIdProduto(res);\n});",
                  "err": {},
                  "uuid": "6d7b6247-5a79-4f71-9454-91febfbac83d",
                  "parentUUID": "2ad77509-ecc8-4a1a-9a91-3d2b88c2da04",
                  "isHook": false,
                  "skipped": false
                },
                {
                  "title": "Deve buscar produto",
                  "fullTitle": "Casos de teste de fluxo para administradores da API Serverest CTFP03 - Fluxo de exclusão de produto Deve buscar produto",
                  "timedOut": null,
                  "duration": 67,
                  "state": "passed",
                  "speed": "fast",
                  "pass": true,
                  "fail": false,
                  "pending": false,
                  "context": null,
                  "code": "_serverest.default.localizarProdutoComSucesso().then(res => {\n  cy.contractValidation(res, 'get-produtos-by-id', 200);\n});",
                  "err": {},
                  "uuid": "c06fa34f-9abb-4540-8de4-c6e1321a35c2",
                  "parentUUID": "2ad77509-ecc8-4a1a-9a91-3d2b88c2da04",
                  "isHook": false,
                  "skipped": false
                },
                {
                  "title": "Deve excluir produto",
                  "fullTitle": "Casos de teste de fluxo para administradores da API Serverest CTFP03 - Fluxo de exclusão de produto Deve excluir produto",
                  "timedOut": null,
                  "duration": 92,
                  "state": "passed",
                  "speed": "fast",
                  "pass": true,
                  "fail": false,
                  "pending": false,
                  "context": null,
                  "code": "_serverest.default.deletarProdutoComSucesso().then(res => {\n  cy.contractValidation(res, 'delete-produtos-by-id', 200);\n});",
                  "err": {},
                  "uuid": "eb61d284-4b42-4daa-8db9-58286e5a4881",
                  "parentUUID": "2ad77509-ecc8-4a1a-9a91-3d2b88c2da04",
                  "isHook": false,
                  "skipped": false
                }
              ],
              "suites": [],
              "passes": [
                "6d7b6247-5a79-4f71-9454-91febfbac83d",
                "c06fa34f-9abb-4540-8de4-c6e1321a35c2",
                "eb61d284-4b42-4daa-8db9-58286e5a4881"
              ],
              "failures": [],
              "pending": [],
              "skipped": [],
              "duration": 232,
              "root": false,
              "rootEmpty": false,
              "_timeout": 2000
            }
          ],
          "passes": [],
          "failures": [],
          "pending": [],
          "skipped": [],
          "duration": 0,
          "root": false,
          "rootEmpty": false,
          "_timeout": 2000
        }
      ],
      "passes": [],
      "failures": [],
      "pending": [],
      "skipped": [],
      "duration": 0,
      "root": true,
      "rootEmpty": true,
      "_timeout": 2000
    }
  ],
  "meta": {
    "mocha": {
      "version": "7.0.1"
    },
    "mochawesome": {
      "options": {
        "quiet": false,
        "reportFilename": "mochawesome",
        "saveHtml": false,
        "saveJson": true,
        "consoleReporter": "spec",
        "useInlineDiffs": false,
        "code": true
      },
      "version": "7.1.3"
    },
    "marge": {
      "options": {
        "id": "default",
        "reportDir": "cypress/reports/mocha",
        "quite": true,
        "overwrite": false,
        "html": false,
        "json": true
      },
      "version": "6.2.0"
    }
  }
}