{
  "stats": {
    "suites": 1,
    "tests": 1,
    "passes": 1,
    "pending": 0,
    "failures": 0,
    "start": "2022-07-07T18:20:54.745Z",
    "end": "2022-07-07T18:20:55.146Z",
    "duration": 401,
    "testsRegistered": 1,
    "passPercent": 100,
    "pendingPercent": 0,
    "other": 0,
    "hasOther": false,
    "skipped": 0,
    "hasSkipped": false
  },
  "results": [
    {
      "uuid": "0effa2d3-e44d-4828-bf8e-2218bf123b9c",
      "title": "",
      "fullFile": "cypress/integration/2.login.spec.js",
      "file": "cypress/integration/2.login.spec.js",
      "beforeHooks": [],
      "afterHooks": [],
      "tests": [],
      "suites": [
        {
          "uuid": "62a06bd1-a720-475e-b724-ce505980eb0e",
          "title": "Casos de teste sobre a rota /login da API Serverest",
          "fullFile": "",
          "file": "",
          "beforeHooks": [],
          "afterHooks": [],
          "tests": [
            {
              "title": "Deve realizar login com sucesso",
              "fullTitle": "Casos de teste sobre a rota /login da API Serverest Deve realizar login com sucesso",
              "timedOut": null,
              "duration": 311,
              "state": "passed",
              "speed": "fast",
              "pass": true,
              "fail": false,
              "pending": false,
              "context": null,
              "code": "_serverest.default.buscarUsuarioParaLogin();\ncy.get('@usuarioLogin').then(usuario => {\n  _serverest.default.logar(usuario).then(res => {\n    cy.contractValidation(res, 'post-login', 200);\n    _validaServerest.default.validarLoginComSucesso(res);\n    _serverest.default.salvarBearer(res);\n  });\n});",
              "err": {},
              "uuid": "f4931198-1992-43d5-9cc4-a105a9270a92",
              "parentUUID": "62a06bd1-a720-475e-b724-ce505980eb0e",
              "isHook": false,
              "skipped": false
            }
          ],
          "suites": [],
          "passes": [
            "f4931198-1992-43d5-9cc4-a105a9270a92"
          ],
          "failures": [],
          "pending": [],
          "skipped": [],
          "duration": 311,
          "root": false,
          "rootEmpty": false,
          "_timeout": 2000
        }
      ],
      "passes": [],
      "failures": [],
      "pending": [],
      "skipped": [],
      "duration": 0,
      "root": true,
      "rootEmpty": true,
      "_timeout": 2000
    }
  ],
  "meta": {
    "mocha": {
      "version": "7.0.1"
    },
    "mochawesome": {
      "options": {
        "quiet": false,
        "reportFilename": "mochawesome",
        "saveHtml": false,
        "saveJson": true,
        "consoleReporter": "spec",
        "useInlineDiffs": false,
        "code": true
      },
      "version": "7.1.3"
    },
    "marge": {
      "options": {
        "id": "default",
        "reportDir": "cypress/reports/mocha",
        "quite": true,
        "overwrite": false,
        "html": false,
        "json": true
      },
      "version": "6.2.0"
    }
  }
}