{
  "stats": {
    "suites": 1,
    "tests": 1,
    "passes": 1,
    "pending": 0,
    "failures": 0,
    "start": "2022-07-26T12:45:00.896Z",
    "end": "2022-07-26T12:45:01.156Z",
    "duration": 260,
    "testsRegistered": 1,
    "passPercent": 100,
    "pendingPercent": 0,
    "other": 0,
    "hasOther": false,
    "skipped": 0,
    "hasSkipped": false
  },
  "results": [
    {
      "uuid": "ff79be8f-d499-4d10-aa6b-fdb1d91af960",
      "title": "",
      "fullFile": "cypress/integration/5.login.negativo.spec.js",
      "file": "cypress/integration/5.login.negativo.spec.js",
      "beforeHooks": [],
      "afterHooks": [],
      "tests": [],
      "suites": [
        {
          "uuid": "f49731af-0803-4436-8c6b-754c60d6c9ff",
          "title": "Casos de teste negativos sobre a rota /login da API Serverest",
          "fullFile": "",
          "file": "",
          "beforeHooks": [],
          "afterHooks": [],
          "tests": [
            {
              "title": "CTFN01 - Não deve realizar login",
              "fullTitle": "Casos de teste negativos sobre a rota /login da API Serverest CTFN01 - Não deve realizar login",
              "timedOut": null,
              "duration": 216,
              "state": "passed",
              "speed": "fast",
              "pass": true,
              "fail": false,
              "pending": false,
              "context": null,
              "code": "_serverestNegativo.default.logarSemSucesso().then(res => {\n  cy.contractValidation(res, 'post-login', 401);\n  expect(res.body.message).to.be.eq('Email e/ou senha inválidos');\n  _validaServerest.default.validarLoginSemSucesso(res);\n});",
              "err": {},
              "uuid": "be6aedba-60c5-41ce-a73e-cf52f541d23d",
              "parentUUID": "f49731af-0803-4436-8c6b-754c60d6c9ff",
              "isHook": false,
              "skipped": false
            }
          ],
          "suites": [],
          "passes": [
            "be6aedba-60c5-41ce-a73e-cf52f541d23d"
          ],
          "failures": [],
          "pending": [],
          "skipped": [],
          "duration": 216,
          "root": false,
          "rootEmpty": false,
          "_timeout": 2000
        }
      ],
      "passes": [],
      "failures": [],
      "pending": [],
      "skipped": [],
      "duration": 0,
      "root": true,
      "rootEmpty": true,
      "_timeout": 2000
    }
  ],
  "meta": {
    "mocha": {
      "version": "7.0.1"
    },
    "mochawesome": {
      "options": {
        "quiet": false,
        "reportFilename": "mochawesome",
        "saveHtml": false,
        "saveJson": true,
        "consoleReporter": "spec",
        "useInlineDiffs": false,
        "code": true
      },
      "version": "7.1.3"
    },
    "marge": {
      "options": {
        "id": "default",
        "reportDir": "cypress/reports/mocha",
        "quite": true,
        "overwrite": false,
        "html": false,
        "json": true
      },
      "version": "6.2.0"
    }
  }
}