{
  "stats": {
    "suites": 2,
    "tests": 4,
    "passes": 4,
    "pending": 0,
    "failures": 0,
    "start": "2022-07-08T19:16:20.859Z",
    "end": "2022-07-08T19:16:21.563Z",
    "duration": 704,
    "testsRegistered": 4,
    "passPercent": 100,
    "pendingPercent": 0,
    "other": 0,
    "hasOther": false,
    "skipped": 0,
    "hasSkipped": false
  },
  "results": [
    {
      "uuid": "b3301faa-60c4-4363-89d2-a9f3f8684723",
      "title": "",
      "fullFile": "cypress/integration/3.produtos.spec.js",
      "file": "cypress/integration/3.produtos.spec.js",
      "beforeHooks": [],
      "afterHooks": [],
      "tests": [],
      "suites": [
        {
          "uuid": "b8ae6294-42b7-49e7-b6af-4a92cf5f10d5",
          "title": "Casos de teste sobre a rota /produtos da API Serverest",
          "fullFile": "",
          "file": "",
          "beforeHooks": [],
          "afterHooks": [],
          "tests": [
            {
              "title": "Deve buscar todos os produtos cadastrados",
              "fullTitle": "Casos de teste sobre a rota /produtos da API Serverest Deve buscar todos os produtos cadastrados",
              "timedOut": null,
              "duration": 155,
              "state": "passed",
              "speed": "fast",
              "pass": true,
              "fail": false,
              "pending": false,
              "context": null,
              "code": "_serverest.default.buscarProdutos().then(res => {\n  _validaServerest.default.validarBuscaDeProdutos(res);\n});",
              "err": {},
              "uuid": "3b4deafe-0089-466f-bbbe-a4e8911711db",
              "parentUUID": "b8ae6294-42b7-49e7-b6af-4a92cf5f10d5",
              "isHook": false,
              "skipped": false
            }
          ],
          "suites": [
            {
              "uuid": "d7b8848c-3755-4bd8-b214-5f6f1ed13229",
              "title": "Logar com sucesso",
              "fullFile": "",
              "file": "",
              "beforeHooks": [],
              "afterHooks": [],
              "tests": [
                {
                  "title": "Deve postar um novo produto com sucesso",
                  "fullTitle": "Casos de teste sobre a rota /produtos da API Serverest Logar com sucesso Deve postar um novo produto com sucesso",
                  "timedOut": null,
                  "duration": 279,
                  "state": "passed",
                  "speed": "fast",
                  "pass": true,
                  "fail": false,
                  "pending": false,
                  "context": null,
                  "code": "_serverest.default.cadastrarProdutoComSucesso().then(res => {\n  cy.contractValidation(res, 'post-produtos', 201);\n  _serverest.default.salvarIdProduto(res);\n});",
                  "err": {},
                  "uuid": "23670a48-b084-4957-a016-bae6bd7a2ad9",
                  "parentUUID": "d7b8848c-3755-4bd8-b214-5f6f1ed13229",
                  "isHook": false,
                  "skipped": false
                },
                {
                  "title": "Deve buscar produto por ID",
                  "fullTitle": "Casos de teste sobre a rota /produtos da API Serverest Logar com sucesso Deve buscar produto por ID",
                  "timedOut": null,
                  "duration": 116,
                  "state": "passed",
                  "speed": "fast",
                  "pass": true,
                  "fail": false,
                  "pending": false,
                  "context": null,
                  "code": "_serverest.default.localizarProdutoComSucesso().then(res => {\n  cy.contractValidation(res, 'get-produtos-by-id', 200);\n});",
                  "err": {},
                  "uuid": "64ac2366-3afe-4a75-99f5-b1e405d3042f",
                  "parentUUID": "d7b8848c-3755-4bd8-b214-5f6f1ed13229",
                  "isHook": false,
                  "skipped": false
                },
                {
                  "title": "Deve excluir produto com sucesso",
                  "fullTitle": "Casos de teste sobre a rota /produtos da API Serverest Logar com sucesso Deve excluir produto com sucesso",
                  "timedOut": null,
                  "duration": 99,
                  "state": "passed",
                  "speed": "fast",
                  "pass": true,
                  "fail": false,
                  "pending": false,
                  "context": null,
                  "code": "_serverest.default.deletarProdutoComSucesso().then(res => {\n  cy.contractValidation(res, 'delete-produtos-by-id', 200);\n});",
                  "err": {},
                  "uuid": "52000355-bc4b-4046-85bc-1a752765b6fe",
                  "parentUUID": "d7b8848c-3755-4bd8-b214-5f6f1ed13229",
                  "isHook": false,
                  "skipped": false
                }
              ],
              "suites": [],
              "passes": [
                "23670a48-b084-4957-a016-bae6bd7a2ad9",
                "64ac2366-3afe-4a75-99f5-b1e405d3042f",
                "52000355-bc4b-4046-85bc-1a752765b6fe"
              ],
              "failures": [],
              "pending": [],
              "skipped": [],
              "duration": 494,
              "root": false,
              "rootEmpty": false,
              "_timeout": 2000
            }
          ],
          "passes": [
            "3b4deafe-0089-466f-bbbe-a4e8911711db"
          ],
          "failures": [],
          "pending": [],
          "skipped": [],
          "duration": 155,
          "root": false,
          "rootEmpty": false,
          "_timeout": 2000
        }
      ],
      "passes": [],
      "failures": [],
      "pending": [],
      "skipped": [],
      "duration": 0,
      "root": true,
      "rootEmpty": true,
      "_timeout": 2000
    }
  ],
  "meta": {
    "mocha": {
      "version": "7.0.1"
    },
    "mochawesome": {
      "options": {
        "quiet": false,
        "reportFilename": "mochawesome",
        "saveHtml": false,
        "saveJson": true,
        "consoleReporter": "spec",
        "useInlineDiffs": false,
        "code": true
      },
      "version": "7.1.3"
    },
    "marge": {
      "options": {
        "id": "default",
        "reportDir": "cypress/reports/mocha",
        "quite": true,
        "overwrite": false,
        "html": false,
        "json": true
      },
      "version": "6.2.0"
    }
  }
}