{
  "stats": {
    "suites": 1,
    "tests": 8,
    "passes": 8,
    "pending": 0,
    "failures": 0,
    "start": "2022-07-08T19:16:00.533Z",
    "end": "2022-07-08T19:16:02.582Z",
    "duration": 2049,
    "testsRegistered": 8,
    "passPercent": 100,
    "pendingPercent": 0,
    "other": 0,
    "hasOther": false,
    "skipped": 0,
    "hasSkipped": false
  },
  "results": [
    {
      "uuid": "7047b7dc-e815-4009-b940-75393b499644",
      "title": "",
      "fullFile": "cypress/integration/1.usuarios.spec.js",
      "file": "cypress/integration/1.usuarios.spec.js",
      "beforeHooks": [],
      "afterHooks": [],
      "tests": [],
      "suites": [
        {
          "uuid": "1a924c4f-87c4-479d-b186-63ca82a86bb5",
          "title": "Casos de teste sobre a rota /usuarios da API Serverest",
          "fullFile": "",
          "file": "",
          "beforeHooks": [],
          "afterHooks": [],
          "tests": [
            {
              "title": "Deve buscar todos os usuarios cadastrados na Serverest",
              "fullTitle": "Casos de teste sobre a rota /usuarios da API Serverest Deve buscar todos os usuarios cadastrados na Serverest",
              "timedOut": null,
              "duration": 711,
              "state": "passed",
              "speed": "fast",
              "pass": true,
              "fail": false,
              "pending": false,
              "context": null,
              "code": "_serverest.default.buscarUsuarios().then(res => {\n  cy.contractValidation(res, 'get-usuarios', 200);\n  _validaServerest.default.validarBuscaDeUsuarios(res);\n});",
              "err": {},
              "uuid": "6b715efb-c561-49a4-84c7-51c0c8235cd7",
              "parentUUID": "1a924c4f-87c4-479d-b186-63ca82a86bb5",
              "isHook": false,
              "skipped": false
            },
            {
              "title": "Deve cadastrar um novo usuário com sucesso",
              "fullTitle": "Casos de teste sobre a rota /usuarios da API Serverest Deve cadastrar um novo usuário com sucesso",
              "timedOut": null,
              "duration": 442,
              "state": "passed",
              "speed": "fast",
              "pass": true,
              "fail": false,
              "pending": false,
              "context": null,
              "code": "_serverest.default.criarUsuarioComSucesso().then(res => {\n  cy.contractValidation(res, 'post-usuarios', 201);\n  expect(res.body.message).to.be.eq('Cadastro realizado com sucesso');\n  _serverest.default.salvarIdUsuario(res);\n});",
              "err": {},
              "uuid": "135a5171-1609-4f75-957c-41883259d445",
              "parentUUID": "1a924c4f-87c4-479d-b186-63ca82a86bb5",
              "isHook": false,
              "skipped": false
            },
            {
              "title": "Deve realizar login com sucesso",
              "fullTitle": "Casos de teste sobre a rota /usuarios da API Serverest Deve realizar login com sucesso",
              "timedOut": null,
              "duration": 138,
              "state": "passed",
              "speed": "fast",
              "pass": true,
              "fail": false,
              "pending": false,
              "context": null,
              "code": "_serverest.default.buscarUsuarioParaLogin();\ncy.get('@usuarioLogin').then(usuario => {\n  _serverest.default.logar(usuario).then(res => {\n    cy.contractValidation(res, 'post-login', 200);\n    _validaServerest.default.validarLoginComSucesso(res);\n    _serverest.default.salvarBearer(res);\n  });\n});",
              "err": {},
              "uuid": "1a3ad888-f8c6-46f0-9870-fa84eebb9fdc",
              "parentUUID": "1a924c4f-87c4-479d-b186-63ca82a86bb5",
              "isHook": false,
              "skipped": false
            },
            {
              "title": "Não deve postar um novo usuário administrador existente",
              "fullTitle": "Casos de teste sobre a rota /usuarios da API Serverest Não deve postar um novo usuário administrador existente",
              "timedOut": null,
              "duration": 105,
              "state": "passed",
              "speed": "fast",
              "pass": true,
              "fail": false,
              "pending": false,
              "context": null,
              "code": "cy.postarUsuarioSemSucesso().then(res => {\n  cy.contractValidation(res, 'post-usuarios', 400);\n  expect(res.body.message).to.be.eq('Este email já está sendo usado');\n});",
              "err": {},
              "uuid": "1e6ca981-774c-4a3a-911b-98866abea80f",
              "parentUUID": "1a924c4f-87c4-479d-b186-63ca82a86bb5",
              "isHook": false,
              "skipped": false
            },
            {
              "title": "Deve buscar um usuário com sucesso",
              "fullTitle": "Casos de teste sobre a rota /usuarios da API Serverest Deve buscar um usuário com sucesso",
              "timedOut": null,
              "duration": 108,
              "state": "passed",
              "speed": "fast",
              "pass": true,
              "fail": false,
              "pending": false,
              "context": null,
              "code": "_serverest.default.buscarUsuarioComSucesso().then(res => {\n  cy.contractValidation(res, 'get-usuarios-by-id', 200);\n  expect(res.body._id).to.be.eq(`${Cypress.env(\"idUser\")}`);\n});",
              "err": {},
              "uuid": "f6f57583-ce80-47aa-8c61-346ed66140f2",
              "parentUUID": "1a924c4f-87c4-479d-b186-63ca82a86bb5",
              "isHook": false,
              "skipped": false
            },
            {
              "title": "Deletar usuário",
              "fullTitle": "Casos de teste sobre a rota /usuarios da API Serverest Deletar usuário",
              "timedOut": null,
              "duration": 147,
              "state": "passed",
              "speed": "fast",
              "pass": true,
              "fail": false,
              "pending": false,
              "context": null,
              "code": "_serverest.default.deletarUsuarioComSucesso().then(res => {\n  cy.contractValidation(res, 'delete-usuarios-by-id', 200);\n});",
              "err": {},
              "uuid": "4cf9d651-be46-4919-a2e7-08f4a1529d53",
              "parentUUID": "1a924c4f-87c4-479d-b186-63ca82a86bb5",
              "isHook": false,
              "skipped": false
            },
            {
              "title": "Deve buscar e salvar em um arquivo json",
              "fullTitle": "Casos de teste sobre a rota /usuarios da API Serverest Deve buscar e salvar em um arquivo json",
              "timedOut": null,
              "duration": 74,
              "state": "passed",
              "speed": "fast",
              "pass": true,
              "fail": false,
              "pending": false,
              "context": null,
              "code": "let inteiro = _factory.default.gerarInteiroAleatorio();\n_serverest.default.buscarUsuarios().then(res => {\n  cy.writeFile('./cypress/fixtures/usuario.json', res.body.usuarios[inteiro]);\n  _validaServerest.default.validarBuscaDeUsuarios(res);\n});",
              "err": {},
              "uuid": "f0455b9f-d088-493e-87a9-def01dc8feb0",
              "parentUUID": "1a924c4f-87c4-479d-b186-63ca82a86bb5",
              "isHook": false,
              "skipped": false
            },
            {
              "title": "Deve buscar um usuário de um arquivo json",
              "fullTitle": "Casos de teste sobre a rota /usuarios da API Serverest Deve buscar um usuário de um arquivo json",
              "timedOut": null,
              "duration": 149,
              "state": "passed",
              "speed": "fast",
              "pass": true,
              "fail": false,
              "pending": false,
              "context": null,
              "code": "cy.fixture('usuario.json').then(json => {\n  let usuario = {\n    email: json.email,\n    password: json.password\n  };\n  _serverest.default.logar(usuario).then(res => {\n    cy.contractValidation(res, 'post-login', 200);\n    _validaServerest.default.validarLoginComSucesso(res);\n    _serverest.default.salvarBearer(res);\n  });\n});",
              "err": {},
              "uuid": "b18282c6-aab1-4fd1-aa2d-74aaff4c53d7",
              "parentUUID": "1a924c4f-87c4-479d-b186-63ca82a86bb5",
              "isHook": false,
              "skipped": false
            }
          ],
          "suites": [],
          "passes": [
            "6b715efb-c561-49a4-84c7-51c0c8235cd7",
            "135a5171-1609-4f75-957c-41883259d445",
            "1a3ad888-f8c6-46f0-9870-fa84eebb9fdc",
            "1e6ca981-774c-4a3a-911b-98866abea80f",
            "f6f57583-ce80-47aa-8c61-346ed66140f2",
            "4cf9d651-be46-4919-a2e7-08f4a1529d53",
            "f0455b9f-d088-493e-87a9-def01dc8feb0",
            "b18282c6-aab1-4fd1-aa2d-74aaff4c53d7"
          ],
          "failures": [],
          "pending": [],
          "skipped": [],
          "duration": 1874,
          "root": false,
          "rootEmpty": false,
          "_timeout": 2000
        }
      ],
      "passes": [],
      "failures": [],
      "pending": [],
      "skipped": [],
      "duration": 0,
      "root": true,
      "rootEmpty": true,
      "_timeout": 2000
    }
  ],
  "meta": {
    "mocha": {
      "version": "7.0.1"
    },
    "mochawesome": {
      "options": {
        "quiet": false,
        "reportFilename": "mochawesome",
        "saveHtml": false,
        "saveJson": true,
        "consoleReporter": "spec",
        "useInlineDiffs": false,
        "code": true
      },
      "version": "7.1.3"
    },
    "marge": {
      "options": {
        "id": "default",
        "reportDir": "cypress/reports/mocha",
        "quite": true,
        "overwrite": false,
        "html": false,
        "json": true
      },
      "version": "6.2.0"
    }
  }
}