{
  "stats": {
    "suites": 2,
    "tests": 5,
    "passes": 5,
    "pending": 0,
    "failures": 0,
    "start": "2022-07-26T12:44:47.065Z",
    "end": "2022-07-26T12:44:47.689Z",
    "duration": 624,
    "testsRegistered": 5,
    "passPercent": 100,
    "pendingPercent": 0,
    "other": 0,
    "hasOther": false,
    "skipped": 0,
    "hasSkipped": false
  },
  "results": [
    {
      "uuid": "29b13ac4-9dfa-43fc-8c80-93ee84e2b1e5",
      "title": "",
      "fullFile": "cypress/integration/3.produtos.spec.js",
      "file": "cypress/integration/3.produtos.spec.js",
      "beforeHooks": [],
      "afterHooks": [],
      "tests": [],
      "suites": [
        {
          "uuid": "b91d49c2-e83a-48f5-ad9f-522798823cf1",
          "title": "Casos de teste sobre a rota /produtos da API Serverest",
          "fullFile": "",
          "file": "",
          "beforeHooks": [],
          "afterHooks": [],
          "tests": [
            {
              "title": "CTFP07 - Deve buscar todos os produtos cadastrados",
              "fullTitle": "Casos de teste sobre a rota /produtos da API Serverest CTFP07 - Deve buscar todos os produtos cadastrados",
              "timedOut": null,
              "duration": 111,
              "state": "passed",
              "speed": "fast",
              "pass": true,
              "fail": false,
              "pending": false,
              "context": null,
              "code": "_serverest.default.buscarProdutos().then(res => {\n  _validaServerest.default.validarBuscaDeProdutos(res);\n});",
              "err": {},
              "uuid": "29fdc452-33a3-4163-9688-6d2623d2ba26",
              "parentUUID": "b91d49c2-e83a-48f5-ad9f-522798823cf1",
              "isHook": false,
              "skipped": false
            }
          ],
          "suites": [
            {
              "uuid": "f4c8bf4f-10e9-417c-83cb-497b9b349f05",
              "title": "Logar com sucesso",
              "fullFile": "",
              "file": "",
              "beforeHooks": [],
              "afterHooks": [],
              "tests": [
                {
                  "title": "CTFP08 - Deve cadastrar um novo produto com sucesso",
                  "fullTitle": "Casos de teste sobre a rota /produtos da API Serverest Logar com sucesso CTFP08 - Deve cadastrar um novo produto com sucesso",
                  "timedOut": null,
                  "duration": 188,
                  "state": "passed",
                  "speed": "fast",
                  "pass": true,
                  "fail": false,
                  "pending": false,
                  "context": null,
                  "code": "_serverest.default.cadastrarProdutoComSucesso().then(res => {\n  cy.contractValidation(res, 'post-produtos', 201);\n  _serverest.default.salvarIdProduto(res);\n});",
                  "err": {},
                  "uuid": "f5a4ed5c-5c0d-4c6b-9967-f549d7dbc67f",
                  "parentUUID": "f4c8bf4f-10e9-417c-83cb-497b9b349f05",
                  "isHook": false,
                  "skipped": false
                },
                {
                  "title": "CTFP09 - Deve buscar produto por ID",
                  "fullTitle": "Casos de teste sobre a rota /produtos da API Serverest Logar com sucesso CTFP09 - Deve buscar produto por ID",
                  "timedOut": null,
                  "duration": 86,
                  "state": "passed",
                  "speed": "fast",
                  "pass": true,
                  "fail": false,
                  "pending": false,
                  "context": null,
                  "code": "_serverest.default.localizarProdutoComSucesso().then(res => {\n  cy.contractValidation(res, 'get-produtos-by-id', 200);\n});",
                  "err": {},
                  "uuid": "cfb695ec-7c81-477a-a1a5-484eba13b6c3",
                  "parentUUID": "f4c8bf4f-10e9-417c-83cb-497b9b349f05",
                  "isHook": false,
                  "skipped": false
                },
                {
                  "title": "CTFP10 - Deve editar um produto existente",
                  "fullTitle": "Casos de teste sobre a rota /produtos da API Serverest Logar com sucesso CTFP10 - Deve editar um produto existente",
                  "timedOut": null,
                  "duration": 89,
                  "state": "passed",
                  "speed": "fast",
                  "pass": true,
                  "fail": false,
                  "pending": false,
                  "context": null,
                  "code": "_serverest.default.editarProduto().then(res => {\n  cy.contractValidation(res, 'put-produtos-by-id', 200);\n  expect(res.body.message).to.be.eq('Registro alterado com sucesso');\n  _serverest.default.salvarIdProduto(res);\n});",
                  "err": {},
                  "uuid": "9c3f713e-2982-4b51-9709-b0fa593ccec2",
                  "parentUUID": "f4c8bf4f-10e9-417c-83cb-497b9b349f05",
                  "isHook": false,
                  "skipped": false
                },
                {
                  "title": "CTFP11 - Deve excluir produto com sucesso",
                  "fullTitle": "Casos de teste sobre a rota /produtos da API Serverest Logar com sucesso CTFP11 - Deve excluir produto com sucesso",
                  "timedOut": null,
                  "duration": 84,
                  "state": "passed",
                  "speed": "fast",
                  "pass": true,
                  "fail": false,
                  "pending": false,
                  "context": null,
                  "code": "_serverest.default.deletarProdutoComSucesso().then(res => {\n  cy.contractValidation(res, 'delete-produtos-by-id', 200);\n});",
                  "err": {},
                  "uuid": "f36cd425-acf9-4b4b-b9a6-9202a79d62db",
                  "parentUUID": "f4c8bf4f-10e9-417c-83cb-497b9b349f05",
                  "isHook": false,
                  "skipped": false
                }
              ],
              "suites": [],
              "passes": [
                "f5a4ed5c-5c0d-4c6b-9967-f549d7dbc67f",
                "cfb695ec-7c81-477a-a1a5-484eba13b6c3",
                "9c3f713e-2982-4b51-9709-b0fa593ccec2",
                "f36cd425-acf9-4b4b-b9a6-9202a79d62db"
              ],
              "failures": [],
              "pending": [],
              "skipped": [],
              "duration": 447,
              "root": false,
              "rootEmpty": false,
              "_timeout": 2000
            }
          ],
          "passes": [
            "29fdc452-33a3-4163-9688-6d2623d2ba26"
          ],
          "failures": [],
          "pending": [],
          "skipped": [],
          "duration": 111,
          "root": false,
          "rootEmpty": false,
          "_timeout": 2000
        }
      ],
      "passes": [],
      "failures": [],
      "pending": [],
      "skipped": [],
      "duration": 0,
      "root": true,
      "rootEmpty": true,
      "_timeout": 2000
    }
  ],
  "meta": {
    "mocha": {
      "version": "7.0.1"
    },
    "mochawesome": {
      "options": {
        "quiet": false,
        "reportFilename": "mochawesome",
        "saveHtml": false,
        "saveJson": true,
        "consoleReporter": "spec",
        "useInlineDiffs": false,
        "code": true
      },
      "version": "7.1.3"
    },
    "marge": {
      "options": {
        "id": "default",
        "reportDir": "cypress/reports/mocha",
        "quite": true,
        "overwrite": false,
        "html": false,
        "json": true
      },
      "version": "6.2.0"
    }
  }
}