{
  "stats": {
    "suites": 3,
    "tests": 8,
    "passes": 7,
    "pending": 0,
    "failures": 1,
    "start": "2022-07-07T18:20:42.785Z",
    "end": "2022-07-07T18:21:20.852Z",
    "duration": 2251,
    "testsRegistered": 8,
    "passPercent": 87.5,
    "pendingPercent": 0,
    "other": 0,
    "hasOther": false,
    "skipped": 0,
    "hasSkipped": false
  },
  "results": [
    {
      "uuid": "0effa2d3-e44d-4828-bf8e-2218bf123b9c",
      "title": "",
      "fullFile": "cypress/integration/2.login.spec.js",
      "file": "cypress/integration/2.login.spec.js",
      "beforeHooks": [],
      "afterHooks": [],
      "tests": [],
      "suites": [
        {
          "uuid": "62a06bd1-a720-475e-b724-ce505980eb0e",
          "title": "Casos de teste sobre a rota /login da API Serverest",
          "fullFile": "",
          "file": "",
          "beforeHooks": [],
          "afterHooks": [],
          "tests": [
            {
              "title": "Deve realizar login com sucesso",
              "fullTitle": "Casos de teste sobre a rota /login da API Serverest Deve realizar login com sucesso",
              "timedOut": null,
              "duration": 311,
              "state": "passed",
              "speed": "fast",
              "pass": true,
              "fail": false,
              "pending": false,
              "context": null,
              "code": "_serverest.default.buscarUsuarioParaLogin();\ncy.get('@usuarioLogin').then(usuario => {\n  _serverest.default.logar(usuario).then(res => {\n    cy.contractValidation(res, 'post-login', 200);\n    _validaServerest.default.validarLoginComSucesso(res);\n    _serverest.default.salvarBearer(res);\n  });\n});",
              "err": {},
              "uuid": "f4931198-1992-43d5-9cc4-a105a9270a92",
              "parentUUID": "62a06bd1-a720-475e-b724-ce505980eb0e",
              "isHook": false,
              "skipped": false
            }
          ],
          "suites": [],
          "passes": [
            "f4931198-1992-43d5-9cc4-a105a9270a92"
          ],
          "failures": [],
          "pending": [],
          "skipped": [],
          "duration": 311,
          "root": false,
          "rootEmpty": false,
          "_timeout": 2000
        }
      ],
      "passes": [],
      "failures": [],
      "pending": [],
      "skipped": [],
      "duration": 0,
      "root": true,
      "rootEmpty": true,
      "_timeout": 2000
    },
    {
      "uuid": "a984991f-3573-4df0-a525-46d9eb796e4c",
      "title": "",
      "fullFile": "cypress/integration/3.produtos.spec.js",
      "file": "cypress/integration/3.produtos.spec.js",
      "beforeHooks": [],
      "afterHooks": [],
      "tests": [],
      "suites": [
        {
          "uuid": "1f189947-f677-4f00-ad13-463f8371bc19",
          "title": "Casos de teste sobre a rota /produtos da API Serverest",
          "fullFile": "",
          "file": "",
          "beforeHooks": [],
          "afterHooks": [],
          "tests": [
            {
              "title": "Deve buscar todos os produtos cadastrados",
              "fullTitle": "Casos de teste sobre a rota /produtos da API Serverest Deve buscar todos os produtos cadastrados",
              "timedOut": null,
              "duration": 961,
              "state": "failed",
              "speed": null,
              "pass": false,
              "fail": true,
              "pending": false,
              "context": null,
              "code": "_serverest.default.buscarProdutos().then(res => {\n  cy.contractValidation(res, 'get-produtos', 200);\n  _validaServerest.default.validarBuscaDeProdutos(res);\n});",
              "err": {
                "message": "Error: Erros encontrados na vilidação de contrato, por favor verifique: \nundefined must have required property 'usuarios', but received object",
                "estack": "Error: Erros encontrados na vilidação de contrato, por favor verifique: \nundefined must have required property 'usuarios', but received object\n    at Context.eval (http://localhost:3000/__cypress/tests?p=cypress\\support\\index.js:167:13)",
                "diff": null
              },
              "uuid": "0a465ebf-80a1-4539-b898-58147000c381",
              "parentUUID": "1f189947-f677-4f00-ad13-463f8371bc19",
              "isHook": false,
              "skipped": false
            }
          ],
          "suites": [
            {
              "uuid": "70dab668-9ea1-459f-b571-94b480b6d693",
              "title": "Logar com sucesso",
              "fullFile": "",
              "file": "",
              "beforeHooks": [],
              "afterHooks": [],
              "tests": [
                {
                  "title": "Deve postar um novo produto com sucesso",
                  "fullTitle": "Casos de teste sobre a rota /produtos da API Serverest Logar com sucesso Deve postar um novo produto com sucesso",
                  "timedOut": null,
                  "duration": 300,
                  "state": "passed",
                  "speed": "fast",
                  "pass": true,
                  "fail": false,
                  "pending": false,
                  "context": null,
                  "code": "_serverest.default.cadastrarProdutoComSucesso().then(res => {\n  _validaServerest.default.validarCadastroDeProdutoComSucesso(res);\n});",
                  "err": {},
                  "uuid": "c3bbcee0-2c5a-47ab-8909-4c7822123b6d",
                  "parentUUID": "70dab668-9ea1-459f-b571-94b480b6d693",
                  "isHook": false,
                  "skipped": false
                }
              ],
              "suites": [],
              "passes": [
                "c3bbcee0-2c5a-47ab-8909-4c7822123b6d"
              ],
              "failures": [],
              "pending": [],
              "skipped": [],
              "duration": 300,
              "root": false,
              "rootEmpty": false,
              "_timeout": 2000
            }
          ],
          "passes": [],
          "failures": [
            "0a465ebf-80a1-4539-b898-58147000c381"
          ],
          "pending": [],
          "skipped": [],
          "duration": 961,
          "root": false,
          "rootEmpty": false,
          "_timeout": 2000
        }
      ],
      "passes": [],
      "failures": [],
      "pending": [],
      "skipped": [],
      "duration": 0,
      "root": true,
      "rootEmpty": true,
      "_timeout": 2000
    },
    {
      "uuid": "51283ca8-e19e-4cbb-bbd9-dbd461ffcf2c",
      "title": "",
      "fullFile": "cypress/integration/1.usuarios.spec.js",
      "file": "cypress/integration/1.usuarios.spec.js",
      "beforeHooks": [],
      "afterHooks": [],
      "tests": [],
      "suites": [
        {
          "uuid": "a0d10b60-11d3-4cd2-99df-6326d0dbe213",
          "title": "Casos de teste sobre a rota /usuarios da API Serverest",
          "fullFile": "",
          "file": "",
          "beforeHooks": [],
          "afterHooks": [],
          "tests": [
            {
              "title": "Deve buscar todos os usuarios cadastrados na Serverest",
              "fullTitle": "Casos de teste sobre a rota /usuarios da API Serverest Deve buscar todos os usuarios cadastrados na Serverest",
              "timedOut": null,
              "duration": 291,
              "state": "passed",
              "speed": "fast",
              "pass": true,
              "fail": false,
              "pending": false,
              "context": null,
              "code": "_serverest.default.buscarUsuarios().then(res => {\n  cy.contractValidation(res, 'get-usuarios', 200);\n  _validaServerest.default.validarBuscaDeUsuarios(res);\n});",
              "err": {},
              "uuid": "f3fee7ec-c4cf-458a-93e9-542bde651229",
              "parentUUID": "a0d10b60-11d3-4cd2-99df-6326d0dbe213",
              "isHook": false,
              "skipped": false
            },
            {
              "title": "Não deve postar um novo usuário administrador existente",
              "fullTitle": "Casos de teste sobre a rota /usuarios da API Serverest Não deve postar um novo usuário administrador existente",
              "timedOut": null,
              "duration": 85,
              "state": "passed",
              "speed": "fast",
              "pass": true,
              "fail": false,
              "pending": false,
              "context": null,
              "code": "cy.postarUsuarioSemSucesso().then(res => {\n  cy.contractValidation(res, 'post-usuarios', 400);\n  expect(res.body.message).to.be.eq('Este email já está sendo usado');\n});",
              "err": {},
              "uuid": "1a314449-fd47-48d2-9e0e-f84fca7f11cb",
              "parentUUID": "a0d10b60-11d3-4cd2-99df-6326d0dbe213",
              "isHook": false,
              "skipped": false
            },
            {
              "title": "Deve realizar login com sucesso",
              "fullTitle": "Casos de teste sobre a rota /usuarios da API Serverest Deve realizar login com sucesso",
              "timedOut": null,
              "duration": 149,
              "state": "passed",
              "speed": "fast",
              "pass": true,
              "fail": false,
              "pending": false,
              "context": null,
              "code": "_serverest.default.buscarUsuarioParaLogin();\ncy.get('@usuarioLogin').then(usuario => {\n  _serverest.default.logar(usuario).then(res => {\n    cy.contractValidation(res, 'post-login', 200);\n    _validaServerest.default.validarLoginComSucesso(res);\n    _serverest.default.salvarBearer(res);\n  });\n});",
              "err": {},
              "uuid": "e4dc8336-0729-4ece-a7a8-63fa0e3f84d5",
              "parentUUID": "a0d10b60-11d3-4cd2-99df-6326d0dbe213",
              "isHook": false,
              "skipped": false
            },
            {
              "title": "Deve buscar e salvar um em um arquivo json",
              "fullTitle": "Casos de teste sobre a rota /usuarios da API Serverest Deve buscar e salvar um em um arquivo json",
              "timedOut": null,
              "duration": 59,
              "state": "passed",
              "speed": "fast",
              "pass": true,
              "fail": false,
              "pending": false,
              "context": null,
              "code": "let inteiro = _factory.default.gerarInteiroAleatorio();\n_serverest.default.buscarUsuarios().then(res => {\n  cy.writeFile('./cypress/fixtures/usuario.json', res.body.usuarios[inteiro]);\n  _validaServerest.default.validarBuscaDeUsuarios(res);\n});",
              "err": {},
              "uuid": "cc31a024-e11e-40da-ac00-a06c9ba4cc46",
              "parentUUID": "a0d10b60-11d3-4cd2-99df-6326d0dbe213",
              "isHook": false,
              "skipped": false
            },
            {
              "title": "Deve buscar um usuário de um arquivo json",
              "fullTitle": "Casos de teste sobre a rota /usuarios da API Serverest Deve buscar um usuário de um arquivo json",
              "timedOut": null,
              "duration": 95,
              "state": "passed",
              "speed": "fast",
              "pass": true,
              "fail": false,
              "pending": false,
              "context": null,
              "code": "cy.fixture('usuario.json').then(json => {\n  let usuario = {\n    email: json.email,\n    password: json.password\n  };\n  _serverest.default.logar(usuario).then(res => {\n    cy.contractValidation(res, 'post-login', 200);\n    _validaServerest.default.validarLoginComSucesso(res);\n    _serverest.default.salvarBearer(res);\n  });\n});",
              "err": {},
              "uuid": "2994dbc2-219f-4c84-8d92-dc73f6710aea",
              "parentUUID": "a0d10b60-11d3-4cd2-99df-6326d0dbe213",
              "isHook": false,
              "skipped": false
            }
          ],
          "suites": [],
          "passes": [
            "f3fee7ec-c4cf-458a-93e9-542bde651229",
            "1a314449-fd47-48d2-9e0e-f84fca7f11cb",
            "e4dc8336-0729-4ece-a7a8-63fa0e3f84d5",
            "cc31a024-e11e-40da-ac00-a06c9ba4cc46",
            "2994dbc2-219f-4c84-8d92-dc73f6710aea"
          ],
          "failures": [],
          "pending": [],
          "skipped": [],
          "duration": 679,
          "root": false,
          "rootEmpty": false,
          "_timeout": 2000
        }
      ],
      "passes": [],
      "failures": [],
      "pending": [],
      "skipped": [],
      "duration": 0,
      "root": true,
      "rootEmpty": true,
      "_timeout": 2000
    }
  ],
  "meta": {
    "mocha": {
      "version": "7.0.1"
    },
    "mochawesome": {
      "options": {
        "quiet": false,
        "reportFilename": "mochawesome",
        "saveHtml": false,
        "saveJson": true,
        "consoleReporter": "spec",
        "useInlineDiffs": false,
        "code": true
      },
      "version": "7.1.3"
    },
    "marge": {
      "options": {
        "id": "default",
        "reportDir": "cypress/reports/mocha",
        "quite": true,
        "overwrite": false,
        "html": false,
        "json": true
      },
      "version": "6.2.0"
    }
  }
}